<?xml version="1.0" encoding="UTF-8"?>
<!-- Generated by org.testng.reporters.JUnitReportReporter -->
<testsuite hostname="Dell-PC" failures="0" tests="5" name="TestNGSessions.PriorityConcept" time="0.048" errors="0" timestamp="02 Apr 2021 12:58:57 GMT" skipped="0">
  <testcase classname="TestNGSessions.PriorityConcept" name="b_test" time="0.005"/>
  <testcase classname="TestNGSessions.PriorityConcept" name="a_test" time="0.031"/>
  <testcase classname="TestNGSessions.PriorityConcept" name="d_test" time="0.005"/>
  <testcase classname="TestNGSessions.PriorityConcept" name="c_test" time="0.004"/>
  <testcase classname="TestNGSessions.PriorityConcept" name="e_test" time="0.003"/>
</testsuite> <!-- TestNGSessions.PriorityConcept -->
