<?xml version="1.0" encoding="UTF-8"?>
<!-- Generated by org.testng.reporters.JUnitReportReporter -->
<testsuite hostname="Dell-PC" failures="0" tests="3" name="TestNGSessions.TestNGAnnotations" time="0.026" errors="0" timestamp="26 Jan 2021 14:26:56 GMT" skipped="0">
  <testcase classname="TestNGSessions.TestNGAnnotations" name="addTest" time="0.021"/>
  <testcase classname="TestNGSessions.TestNGAnnotations" name="subTest" time="0.002"/>
  <testcase classname="TestNGSessions.TestNGAnnotations" name="mulTest" time="0.003"/>
</testsuite> <!-- TestNGSessions.TestNGAnnotations -->
