<?xml version="1.0" encoding="UTF-8"?>
<!-- Generated by org.testng.reporters.JUnitReportReporter -->
<testsuite hostname="Dell-PC" failures="0" tests="2" name="TestNGSessions.GoogleTest" time="4.008" errors="0" timestamp="28 Jan 2021 10:24:28 GMT" skipped="0">
  <testcase classname="TestNGSessions.GoogleTest" name="googleLogoTest" time="1.473"/>
  <testcase classname="TestNGSessions.GoogleTest" name="googleTitleTest" time="2.535"/>
</testsuite> <!-- TestNGSessions.GoogleTest -->
