<?xml version="1.0" encoding="UTF-8"?>
<!-- Generated by org.testng.reporters.JUnitReportReporter -->
<testsuite hostname="Dell-PC" failures="0" tests="1" name="TestNGSessions.ExpectedExceptionConcept" time="0.028" errors="0" timestamp="02 Apr 2021 13:08:15 GMT" skipped="0">
  <testcase classname="TestNGSessions.ExpectedExceptionConcept" name="a_test" time="0.028"/>
</testsuite> <!-- TestNGSessions.ExpectedExceptionConcept -->
