<?xml version="1.0" encoding="UTF-8"?>
<!-- Generated by org.testng.reporters.JUnitReportReporter -->
<testsuite hostname="Dell-PC" failures="0" tests="6" name="TestNGSessions.AmazonTestBT" time="0.388" errors="0" timestamp="28 Jan 2021 10:26:06 GMT" skipped="3">
  <testcase classname="TestNGSessions.AmazonTestBT" name="amazonLogoTest" time="0.328"/>
  <testcase classname="TestNGSessions.AmazonTestBT" name="amazonTitleTest" time="0.020"/>
  <testcase classname="TestNGSessions.AmazonTestBT" name="amaonFooterLinksCountTest" time="0.040"/>
  <testcase classname="TestNGSessions.AmazonTestBT" name="amazonTest6">
    <skipped/>
  </testcase> <!-- amazonTest6 -->
  <testcase classname="TestNGSessions.AmazonTestBT" name="amazonTest5">
    <skipped/>
  </testcase> <!-- amazonTest5 -->
  <testcase classname="TestNGSessions.AmazonTestBT" name="amazonTest4">
    <skipped/>
  </testcase> <!-- amazonTest4 -->
</testsuite> <!-- TestNGSessions.AmazonTestBT -->
