<?xml version="1.0" encoding="UTF-8"?>
<!-- Generated by org.testng.reporters.JUnitReportReporter -->
<testsuite hostname="Dell-PC" failures="0" tests="3" name="TestNGSessions.AmazonTestBM" time="40.153" errors="0" timestamp="28 Jan 2021 10:23:12 GMT" skipped="0">
  <testcase classname="TestNGSessions.AmazonTestBM" name="amazonLogoTest" time="9.069"/>
  <testcase classname="TestNGSessions.AmazonTestBM" name="amazonTitleTest" time="12.675"/>
  <testcase classname="TestNGSessions.AmazonTestBM" name="amaonFooterLinksCountTest" time="18.409"/>
</testsuite> <!-- TestNGSessions.AmazonTestBM -->
