<?xml version="1.0" encoding="UTF-8"?>
<!-- Generated by org.testng.reporters.JUnitReportReporter -->
<testsuite hostname="Dell-PC" failures="0" tests="1" name="TestNGSessions.DemoTest" time="0.014" errors="0" timestamp="26 Jan 2021 14:06:18 GMT" skipped="0">
  <testcase classname="TestNGSessions.DemoTest" name="test1" time="0.014"/>
</testsuite> <!-- TestNGSessions.DemoTest -->
