<?xml version="1.0" encoding="UTF-8"?>
<!-- Generated by org.testng.reporters.JUnitReportReporter -->
<testsuite hostname="Dell-PC" failures="0" tests="3" name="TestNGSessions.TestCaseDesign" time="0.012" errors="0" timestamp="27 Jan 2021 12:38:11 GMT" skipped="0">
  <testcase classname="TestNGSessions.TestCaseDesign" name="homePageTitleTest" time="0.001"/>
  <testcase classname="TestNGSessions.TestCaseDesign" name="checkUserInfoTest" time="0.008"/>
  <testcase classname="TestNGSessions.TestCaseDesign" name="homePageSearchTest" time="0.003"/>
</testsuite> <!-- TestNGSessions.TestCaseDesign -->
